[04-11-23 23:49:00] Método: GET. Url: /api/posts
[04-11-23 23:49:02] Método: POST. Url: /api/posts
[04-11-23 23:49:03] Método: POST. Url: /api/posts
[04-11-23 23:49:27] Método: DELETE. Url: /api/posts/1212
[04-11-23 23:49:29] Método: PUT. Url: /api/posts/1212
[05-11-23 00:46:01] Método: GET. Url: /api/posts
[05-11-23 00:46:45] Método: GET. Url: /api/posts
[05-11-23 00:46:58] Método: GET. Url: /api/posts
[05-11-23 00:54:22] Método: GET. Url: /api/posts
[05-11-23 00:54:42] Método: GET. Url: /api/posts
[05-11-23 01:10:40] Método: GET. Url: /api/posts
[05-11-23 01:17:17] Método: GET. Url: /api/posts
[05-11-23 01:25:34] Método: GET. Url: /api/posts
[05-11-23 01:29:38] Método: GET. Url: /api/posts
[05-11-23 10:17:29] Método: POST. Url: /api/posts
[05-11-23 10:19:37] Método: POST. Url: /api/posts
[05-11-23 10:30:03] Método: POST. Url: /api/posts
[05-11-23 10:31:57] Método: POST. Url: /api/posts
[05-11-23 10:32:32] Método: POST. Url: /api/posts
[05-11-23 10:33:21] Método: POST. Url: /api/posts
[05-11-23 10:34:10] Método: POST. Url: /api/posts
[05-11-23 10:41:17] Método: POST. Url: /api/posts
[05-11-23 11:41:06] Método: POST. Url: /api/posts
[05-11-23 11:43:25] Método: POST. Url: /api/posts
[05-11-23 12:16:36] Método: GET. Url: /api/posts/7
[05-11-23 12:43:30] Método: GET. Url: /api/autores
[05-11-23 12:44:17] Método: GET. Url: /api/autores
[05-11-23 12:51:30] Método: GET. Url: /api/autores
[05-11-23 12:52:09] Método: GET. Url: /api/autores
[05-11-23 12:52:34] Método: GET. Url: /api/posts
[06-11-23 16:09:00] Método: GET. Url: /api/posts/7
[06-11-23 16:10:40] Método: GET. Url: /api/autores/1
[06-11-23 16:32:06] Método: POST. Url: /api/autores
[07-11-23 10:10:38] Método: GET. Url: /api/posts
[07-11-23 10:11:33] Método: GET. Url: /api/autores
[07-11-23 10:27:50] Método: GET. Url: /api/posts
[07-11-23 10:56:42] Método: GET. Url: /api/posts/1
[07-11-23 10:56:56] Método: GET. Url: /api/posts/7
[07-11-23 21:37:15] Método: GET. Url: /api/posts/autorid/7
[07-11-23 21:41:45] Método: GET. Url: /api/posts/autorid/7
[07-11-23 21:41:49] Método: GET. Url: /api/posts/autorid/1
[07-11-23 21:42:28] Método: GET. Url: /api/posts/autorid/2
[07-11-23 21:43:14] Método: POST. Url: /api/posts
[07-11-23 21:43:24] Método: GET. Url: /api/posts/autorid/2
[07-11-23 21:43:38] Método: GET. Url: /api/posts/2
[07-11-23 21:44:03] Método: GET. Url: /api/posts/3
[07-11-23 21:44:06] Método: GET. Url: /api/posts/4
[07-11-23 21:44:31] Método: GET. Url: /api/posts/autorid/3
[07-11-23 21:44:34] Método: GET. Url: /api/posts/autorid/1
[07-11-23 21:44:38] Método: GET. Url: /api/posts/autorid/2
[07-11-23 22:13:46] Método: GET. Url: /api/posts/autorid/2
[07-11-23 22:13:57] Método: GET. Url: /api/posts/autorid/1
[07-11-23 22:16:38] Método: GET. Url: /api/posts/id/1
[08-11-23 18:33:56] Método: GET. Url: /api/posts
[08-11-23 18:34:06] Método: GET. Url: /api/posts/4
[08-11-23 18:34:11] Método: GET. Url: /api/posts
[08-11-23 18:36:52] Método: GET. Url: /api/posts
[08-11-23 18:40:50] Método: GET. Url: /api/posts
[08-11-23 18:42:41] Método: GET. Url: /api/posts
[08-11-23 18:45:44] Método: GET. Url: /api/posts
[08-11-23 18:53:58] Método: GET. Url: /api/posts
[08-11-23 18:54:21] Método: GET. Url: /api/posts
[08-11-23 18:54:38] Método: GET. Url: /api/posts
[08-11-23 18:55:13] Método: GET. Url: /api/posts
[08-11-23 19:00:11] Método: GET. Url: /api/posts
[08-11-23 19:00:28] Método: GET. Url: /api/autores
[08-11-23 19:05:59] Método: GET. Url: /api/posts
[08-11-23 19:15:49] Método: GET. Url: /api/posts
[08-11-23 19:19:43] Método: GET. Url: /api/posts
[08-11-23 20:08:12] Método: GET. Url: /api/posts/9
[08-11-23 20:08:14] Método: GET. Url: /api/posts/8
[08-11-23 20:08:22] Método: GET. Url: /api/posts/4
[08-11-23 20:09:03] Método: GET. Url: /api/autores
[08-11-23 20:09:07] Método: GET. Url: /api/autores
[08-11-23 20:09:26] Método: GET. Url: /api/posts/4
[08-11-23 20:09:29] Método: GET. Url: /api/posts
[08-11-23 20:11:49] Método: GET. Url: /api/posts/4
[08-11-23 20:11:59] Método: GET. Url: /api/autores
[08-11-23 20:12:50] Método: GET. Url: /api/autores
[08-11-23 20:13:16] Método: GET. Url: /api/autores/2
[08-11-23 20:13:22] Método: GET. Url: /api/autores/1
[08-11-23 20:13:58] Método: GET. Url: /api/autores/1
[08-11-23 20:14:02] Método: GET. Url: /api/autores/2
[08-11-23 20:14:11] Método: GET. Url: /api/autores
[08-11-23 20:14:21] Método: GET. Url: /api/posts
[08-11-23 20:15:04] Método: GET. Url: /api/autores
[08-11-23 20:19:54] Método: GET. Url: /api/autores
[08-11-23 20:21:11] Método: POST. Url: /api/autores
[08-11-23 20:25:15] Método: GET. Url: /api/posts/id/1
[08-11-23 20:26:15] Método: GET. Url: /api/posts/id/1
[08-11-23 20:26:51] Método: GET. Url: /api/autores
[08-11-23 20:27:35] Método: GET. Url: /api/posts/id/1
[08-11-23 20:27:48] Método: GET. Url: /api/posts/id/2
[08-11-23 20:27:53] Método: GET. Url: /api/posts/id/3
[08-11-23 20:28:05] Método: GET. Url: /api/posts
[08-11-23 20:28:17] Método: GET. Url: /api/posts/4
[08-11-23 20:28:43] Método: POST. Url: /api/posts
[08-11-23 20:29:17] Método: GET. Url: /api/posts/id/3
[08-11-23 20:29:24] Método: GET. Url: /api/posts/id/1
[08-11-23 20:29:32] Método: GET. Url: /api/autores
[08-11-23 20:29:37] Método: GET. Url: /api/autores/2
[08-11-23 20:29:41] Método: GET. Url: /api/autores/3
[08-11-23 20:30:14] Método: POST. Url: /api/autores
[08-11-23 20:30:19] Método: GET. Url: /api/autores/4
